[2024-03-06T14:11:00.814] [DEBUG] cheese - login => username:admin,password:123456
[2024-03-06T14:11:00.815] [DEBUG] cheese - admin
[2024-03-06T14:11:00.829] [DEBUG] cheese - null
[2024-03-06T14:11:00.830] [DEBUG] cheese - null
[2024-03-06T14:22:24.676] [DEBUG] cheese - null
[2024-03-06T14:35:52.494] [DEBUG] cheese - login => username:admin,password:123456
[2024-03-06T14:35:52.495] [DEBUG] cheese - admin
[2024-03-06T14:35:52.497] [DEBUG] cheese - null
[2024-03-06T14:35:52.498] [DEBUG] cheese - null
[2024-03-06T14:38:34.266] [DEBUG] cheese - login => username:liuqi,password:111lll
[2024-03-06T14:38:34.266] [DEBUG] cheese - liuqi
[2024-03-06T14:38:34.268] [DEBUG] cheese - null
[2024-03-06T14:38:34.268] [DEBUG] cheese - null
[2024-03-06T14:38:40.903] [DEBUG] cheese - login => username:liuqi,password:111lll
[2024-03-06T14:38:40.903] [DEBUG] cheese - liuqi
[2024-03-06T14:38:40.904] [DEBUG] cheese - null
[2024-03-06T14:38:40.904] [DEBUG] cheese - null
[2024-03-06T14:38:44.832] [DEBUG] cheese - login => username:admin,password:123456
[2024-03-06T14:38:44.832] [DEBUG] cheese - admin
[2024-03-06T14:38:44.834] [DEBUG] cheese - null
[2024-03-06T14:38:44.834] [DEBUG] cheese - null
[2024-03-06T14:39:29.109] [DEBUG] cheese - login => username:liuqi,password:111lll
[2024-03-06T14:39:29.109] [DEBUG] cheese - liuqi
[2024-03-06T14:39:29.111] [DEBUG] cheese - null
[2024-03-06T14:39:29.111] [DEBUG] cheese - null
[2024-03-06T14:40:19.906] [DEBUG] cheese - login => username:liuqi,password:111lll
[2024-03-06T14:40:19.906] [DEBUG] cheese - liuqi
[2024-03-06T14:40:19.907] [DEBUG] cheese - null
[2024-03-06T14:40:19.908] [DEBUG] cheese - null
[2024-03-06T14:40:29.289] [DEBUG] cheese - login => username:liuqi,password:111lll
[2024-03-06T14:40:29.289] [DEBUG] cheese - liuqi
[2024-03-06T14:40:29.290] [DEBUG] cheese - null
[2024-03-06T14:40:29.290] [DEBUG] cheese - null
[2024-03-06T14:40:36.890] [DEBUG] cheese - login => username:liuqi,password:111lll
[2024-03-06T14:40:36.890] [DEBUG] cheese - liuqi
[2024-03-06T14:40:36.893] [DEBUG] cheese - null
[2024-03-06T14:40:36.893] [DEBUG] cheese - null
[2024-03-06T14:40:45.282] [DEBUG] cheese - login => username:admin,password:123456
[2024-03-06T14:40:45.282] [DEBUG] cheese - admin
[2024-03-06T14:40:45.285] [DEBUG] cheese - null
[2024-03-06T14:40:45.285] [DEBUG] cheese - null
[2024-03-06T14:41:43.739] [DEBUG] cheese - login => username:liuqi,password:111lll
[2024-03-06T14:41:43.739] [DEBUG] cheese - liuqi
[2024-03-06T14:41:43.740] [DEBUG] cheese - null
[2024-03-06T14:41:43.740] [DEBUG] cheese - null
[2024-03-06T14:41:46.273] [DEBUG] cheese - null
[2024-03-06T14:41:46.274] [DEBUG] cheese - null
[2024-03-06T14:41:49.664] [DEBUG] cheese - null
[2024-03-06T14:41:49.665] [DEBUG] cheese - null
[2024-03-06T14:41:59.587] [DEBUG] cheese - null
[2024-03-06T14:41:59.589] [DEBUG] cheese - null
[2024-03-06T14:42:01.963] [DEBUG] cheese - null
[2024-03-06T14:42:01.964] [DEBUG] cheese - null
[2024-03-06T14:42:05.048] [DEBUG] cheese - null
[2024-03-06T14:42:05.049] [DEBUG] cheese - null
[2024-03-06T14:42:15.932] [DEBUG] cheese - login => username:admin,password:123456
[2024-03-06T14:42:15.932] [DEBUG] cheese - admin
[2024-03-06T14:42:15.935] [DEBUG] cheese - null
[2024-03-06T14:42:15.935] [DEBUG] cheese - null
